<?xml version="1.0" encoding="UTF-8"?>
<coverage generated="1765896047">
  <project timestamp="1765896047">
    <file name="/Users/ludovic/Sites/876-p15-inazaoui/src/Entity/Album.php">
      <class name="App\Entity\Album" namespace="global">
        <metrics complexity="10" methods="7" coveredmethods="1" conditionals="0" coveredconditionals="0" statements="14" coveredstatements="1" elements="21" coveredelements="2"/>
      </class>
      <line num="31" type="method" name="__construct" visibility="public" complexity="1" crap="1" count="1"/>
      <line num="33" type="stmt" count="1"/>
      <line num="36" type="method" name="getId" visibility="public" complexity="1" crap="2" count="0"/>
      <line num="38" type="stmt" count="0"/>
      <line num="41" type="method" name="getName" visibility="public" complexity="1" crap="2" count="0"/>
      <line num="43" type="stmt" count="0"/>
      <line num="46" type="method" name="setName" visibility="public" complexity="1" crap="2" count="0"/>
      <line num="48" type="stmt" count="0"/>
      <line num="50" type="stmt" count="0"/>
      <line num="54" type="method" name="getMedia" visibility="public" complexity="1" crap="2" count="0"/>
      <line num="56" type="stmt" count="0"/>
      <line num="59" type="method" name="addMedia" visibility="public" complexity="2" crap="6" count="0"/>
      <line num="61" type="stmt" count="0"/>
      <line num="62" type="stmt" count="0"/>
      <line num="63" type="stmt" count="0"/>
      <line num="66" type="stmt" count="0"/>
      <line num="69" type="method" name="removeMedia" visibility="public" complexity="3" crap="12" count="0"/>
      <line num="71" type="stmt" count="0"/>
      <line num="72" type="stmt" count="0"/>
      <line num="73" type="stmt" count="0"/>
      <line num="77" type="stmt" count="0"/>
      <metrics loc="80" ncloc="79" classes="1" methods="7" coveredmethods="1" conditionals="0" coveredconditionals="0" statements="14" coveredstatements="1" elements="21" coveredelements="2"/>
    </file>
    <file name="/Users/ludovic/Sites/876-p15-inazaoui/src/Entity/Media.php">
      <class name="App\Entity\Media" namespace="global">
        <metrics complexity="9" methods="9" coveredmethods="9" conditionals="0" coveredconditionals="0" statements="13" coveredstatements="13" elements="22" coveredelements="22"/>
      </class>
      <line num="33" type="method" name="getId" visibility="public" complexity="1" crap="1" count="2"/>
      <line num="35" type="stmt" count="2"/>
      <line num="38" type="method" name="getPath" visibility="public" complexity="1" crap="1" count="3"/>
      <line num="40" type="stmt" count="3"/>
      <line num="43" type="method" name="setPath" visibility="public" complexity="1" crap="1" count="2"/>
      <line num="45" type="stmt" count="2"/>
      <line num="46" type="stmt" count="2"/>
      <line num="49" type="method" name="getTitle" visibility="public" complexity="1" crap="1" count="1"/>
      <line num="51" type="stmt" count="1"/>
      <line num="54" type="method" name="setTitle" visibility="public" complexity="1" crap="1" count="3"/>
      <line num="56" type="stmt" count="3"/>
      <line num="57" type="stmt" count="3"/>
      <line num="60" type="method" name="getUser" visibility="public" complexity="1" crap="1" count="2"/>
      <line num="62" type="stmt" count="2"/>
      <line num="65" type="method" name="setUser" visibility="public" complexity="1" crap="1" count="3"/>
      <line num="67" type="stmt" count="3"/>
      <line num="68" type="stmt" count="3"/>
      <line num="71" type="method" name="getAlbum" visibility="public" complexity="1" crap="1" count="2"/>
      <line num="73" type="stmt" count="2"/>
      <line num="76" type="method" name="setAlbum" visibility="public" complexity="1" crap="1" count="1"/>
      <line num="78" type="stmt" count="1"/>
      <line num="79" type="stmt" count="1"/>
      <metrics loc="82" ncloc="82" classes="1" methods="9" coveredmethods="9" conditionals="0" coveredconditionals="0" statements="13" coveredstatements="13" elements="22" coveredelements="22"/>
    </file>
    <file name="/Users/ludovic/Sites/876-p15-inazaoui/src/Entity/User.php">
      <class name="App\Entity\User" namespace="global">
        <metrics complexity="27" methods="24" coveredmethods="19" conditionals="0" coveredconditionals="0" statements="41" coveredstatements="30" elements="65" coveredelements="49"/>
      </class>
      <line num="50" type="method" name="__construct" visibility="public" complexity="1" crap="1" count="18"/>
      <line num="52" type="stmt" count="18"/>
      <line num="53" type="stmt" count="18"/>
      <line num="56" type="method" name="getId" visibility="public" complexity="1" crap="2" count="0"/>
      <line num="58" type="stmt" count="0"/>
      <line num="61" type="method" name="getEmail" visibility="public" complexity="1" crap="1" count="2"/>
      <line num="63" type="stmt" count="2"/>
      <line num="66" type="method" name="setEmail" visibility="public" complexity="1" crap="1" count="8"/>
      <line num="68" type="stmt" count="8"/>
      <line num="69" type="stmt" count="8"/>
      <line num="75" type="method" name="getUserIdentifier" visibility="public" complexity="1" crap="1" count="5"/>
      <line num="77" type="stmt" count="5"/>
      <line num="80" type="method" name="getRoles" visibility="public" complexity="1" crap="1" count="10"/>
      <line num="82" type="stmt" count="10"/>
      <line num="85" type="stmt" count="10"/>
      <line num="87" type="stmt" count="10"/>
      <line num="90" type="method" name="setRoles" visibility="public" complexity="1" crap="1" count="8"/>
      <line num="92" type="stmt" count="8"/>
      <line num="93" type="stmt" count="8"/>
      <line num="96" type="method" name="getPassword" visibility="public" complexity="1" crap="1" count="7"/>
      <line num="98" type="stmt" count="7"/>
      <line num="101" type="method" name="setPassword" visibility="public" complexity="1" crap="1" count="8"/>
      <line num="103" type="stmt" count="8"/>
      <line num="104" type="stmt" count="8"/>
      <line num="110" type="method" name="eraseCredentials" visibility="public" complexity="1" crap="1" count="3"/>
      <line num="112" type="method" name="getNom" visibility="public" complexity="1" crap="1" count="1"/>
      <line num="114" type="stmt" count="1"/>
      <line num="117" type="method" name="setNom" visibility="public" complexity="1" crap="1" count="2"/>
      <line num="119" type="stmt" count="2"/>
      <line num="120" type="stmt" count="2"/>
      <line num="123" type="method" name="getPrenom" visibility="public" complexity="1" crap="1" count="1"/>
      <line num="125" type="stmt" count="1"/>
      <line num="128" type="method" name="setPrenom" visibility="public" complexity="1" crap="1" count="2"/>
      <line num="130" type="stmt" count="2"/>
      <line num="131" type="stmt" count="2"/>
      <line num="134" type="method" name="isUserActif" visibility="public" complexity="1" crap="1" count="4"/>
      <line num="136" type="stmt" count="4"/>
      <line num="139" type="method" name="setUserActif" visibility="public" complexity="1" crap="1" count="6"/>
      <line num="141" type="stmt" count="6"/>
      <line num="143" type="stmt" count="6"/>
      <line num="146" type="method" name="getCreatedAt" visibility="public" complexity="1" crap="1" count="2"/>
      <line num="148" type="stmt" count="2"/>
      <line num="151" type="method" name="setCreatedAt" visibility="public" complexity="1" crap="1" count="1"/>
      <line num="153" type="stmt" count="1"/>
      <line num="154" type="stmt" count="1"/>
      <line num="157" type="method" name="getUpdatedAt" visibility="public" complexity="1" crap="1" count="1"/>
      <line num="159" type="stmt" count="1"/>
      <line num="162" type="method" name="setUpdatedAt" visibility="public" complexity="1" crap="1" count="1"/>
      <line num="164" type="stmt" count="1"/>
      <line num="165" type="stmt" count="1"/>
      <line num="169" type="method" name="getMedias" visibility="public" complexity="1" crap="2" count="0"/>
      <line num="171" type="stmt" count="0"/>
      <line num="174" type="method" name="addMedia" visibility="public" complexity="2" crap="6" count="0"/>
      <line num="176" type="stmt" count="0"/>
      <line num="177" type="stmt" count="0"/>
      <line num="178" type="stmt" count="0"/>
      <line num="180" type="stmt" count="0"/>
      <line num="183" type="method" name="removeMedia" visibility="public" complexity="3" crap="12" count="0"/>
      <line num="185" type="stmt" count="0"/>
      <line num="186" type="stmt" count="0"/>
      <line num="187" type="stmt" count="0"/>
      <line num="190" type="stmt" count="0"/>
      <line num="193" type="method" name="getFullName" visibility="public" complexity="1" crap="2" count="0"/>
      <line num="195" type="stmt" count="0"/>
      <metrics loc="199" ncloc="191" classes="1" methods="24" coveredmethods="19" conditionals="0" coveredconditionals="0" statements="41" coveredstatements="30" elements="65" coveredelements="49"/>
    </file>
    <file name="/Users/ludovic/Sites/876-p15-inazaoui/src/Repository/AlbumRepository.php">
      <class name="App\Repository\AlbumRepository" namespace="global">
        <metrics complexity="1" methods="1" coveredmethods="0" conditionals="0" coveredconditionals="0" statements="1" coveredstatements="0" elements="2" coveredelements="0"/>
      </class>
      <line num="19" type="method" name="__construct" visibility="public" complexity="1" crap="2" count="0"/>
      <line num="21" type="stmt" count="0"/>
      <metrics loc="49" ncloc="18" classes="1" methods="1" coveredmethods="0" conditionals="0" coveredconditionals="0" statements="1" coveredstatements="0" elements="2" coveredelements="0"/>
    </file>
    <file name="/Users/ludovic/Sites/876-p15-inazaoui/src/Repository/MediaRepository.php">
      <class name="App\Repository\MediaRepository" namespace="global">
        <metrics complexity="1" methods="1" coveredmethods="1" conditionals="0" coveredconditionals="0" statements="1" coveredstatements="1" elements="2" coveredelements="2"/>
      </class>
      <line num="19" type="method" name="__construct" visibility="public" complexity="1" crap="1" count="5"/>
      <line num="21" type="stmt" count="5"/>
      <metrics loc="49" ncloc="18" classes="1" methods="1" coveredmethods="1" conditionals="0" coveredconditionals="0" statements="1" coveredstatements="1" elements="2" coveredelements="2"/>
    </file>
    <file name="/Users/ludovic/Sites/876-p15-inazaoui/src/Repository/UserRepository.php">
      <class name="App\Repository\UserRepository" namespace="global">
        <metrics complexity="5" methods="3" coveredmethods="2" conditionals="0" coveredconditionals="0" statements="13" coveredstatements="12" elements="16" coveredelements="14"/>
      </class>
      <line num="11" type="method" name="__construct" visibility="public" complexity="1" crap="1" count="8"/>
      <line num="13" type="stmt" count="8"/>
      <line num="20" type="method" name="findAllGuests" visibility="public" complexity="1" crap="1" count="1"/>
      <line num="22" type="stmt" count="1"/>
      <line num="23" type="stmt" count="1"/>
      <line num="24" type="stmt" count="1"/>
      <line num="25" type="stmt" count="1"/>
      <line num="26" type="stmt" count="1"/>
      <line num="27" type="stmt" count="1"/>
      <line num="28" type="stmt" count="1"/>
      <line num="29" type="stmt" count="1"/>
      <line num="36" type="method" name="findAdmin" visibility="public" complexity="3" crap="3.14" count="1"/>
      <line num="38" type="stmt" count="1"/>
      <line num="39" type="stmt" count="1"/>
      <line num="40" type="stmt" count="1"/>
      <line num="44" type="stmt" count="0"/>
      <metrics loc="47" ncloc="40" classes="1" methods="3" coveredmethods="2" conditionals="0" coveredconditionals="0" statements="13" coveredstatements="12" elements="16" coveredelements="14"/>
    </file>
    <metrics files="6" loc="506" ncloc="428" classes="6" methods="45" coveredmethods="32" conditionals="0" coveredconditionals="0" statements="83" coveredstatements="57" elements="128" coveredelements="89"/>
  </project>
</coverage>
